<?xml version="1.0" encoding="UTF-8"?>
<!-- Generated by org.testng.reporters.JUnitReportReporter -->
<testsuite skipped="0" hostname="BLRL65062" name="tests.sanity.Sanity_002_Add_Admin_User" tests="1" failures="0" timestamp="21 Jun 2020 15:23:33 GMT" time="23.487" errors="0">
  <testcase name="Sanity_002_Add_Admin_User_Test" time="23.487" classname="tests.sanity.Sanity_002_Add_Admin_User"/>
</testsuite> <!-- tests.sanity.Sanity_002_Add_Admin_User -->
