<?xml version="1.0" encoding="UTF-8"?>
<!-- Generated by org.testng.reporters.JUnitReportReporter -->
<testsuite skipped="0" hostname="BLRL65062" name="tests.sanity.Sanity_002_Add_Admin_User" tests="1" failures="0" timestamp="14 Jun 2020 10:48:45 GMT" time="20.895" errors="0">
  <testcase name="Sanity_002_Add_Admin_User_Test" time="20.895" classname="tests.sanity.Sanity_002_Add_Admin_User"/>
</testsuite> <!-- tests.sanity.Sanity_002_Add_Admin_User -->
